2024-11-15 11:18:12 [info]: Magic Mover loading successfully his name : Abd and currentWeight= 30
2024-11-15 11:18:17 [info]: Magic Mover loading successfully his name : Abd and currentWeight= 45
2024-11-15 11:18:37 [info]: Magic Mover loading successfully his name : Abd and currentWeight= 60
2024-11-15 11:18:38 [info]: Magic Mover loading successfully his name : Abd and currentWeight= 75
2024-11-15 11:18:39 [info]: Magic Mover loading successfully his name : Abd and currentWeight= 90
2024-11-15 11:18:40 [info]: Magic Mover loading successfully his name : Abd and currentWeight= 105
2024-11-15 11:18:41 [info]: Magic Mover loading successfully his name : Abd and currentWeight= 120
2024-11-15 11:18:42 [info]: Magic Mover loading successfully his name : Abd and currentWeight= 135
2024-11-15 11:18:43 [info]: Magic Mover loading successfully his name : Abd and currentWeight= 150
2024-11-15 11:18:57 [error]: CastError: Cast to ObjectId failed for value "67363175be2acbf4fbc04adfbdba1" (type string) at path "_id" for model "MagicMover"
    at SchemaObjectId.cast (D:\MagicTransporters\node_modules\mongoose\lib\schema\objectId.js:250:11)
    at SchemaObjectId.SchemaType.applySetters (D:\MagicTransporters\node_modules\mongoose\lib\schemaType.js:1236:12)
    at SchemaObjectId.SchemaType.castForQuery (D:\MagicTransporters\node_modules\mongoose\lib\schemaType.js:1653:17)
    at cast (D:\MagicTransporters\node_modules\mongoose\lib\cast.js:390:32)
    at model.Query.Query.cast (D:\MagicTransporters\node_modules\mongoose\lib\query.js:4918:12)
    at model.Query.Query._castConditions (D:\MagicTransporters\node_modules\mongoose\lib\query.js:2309:10)
    at model.Query._findOne (D:\MagicTransporters\node_modules\mongoose\lib\query.js:2632:8)
    at model.Query.exec (D:\MagicTransporters\node_modules\mongoose\lib\query.js:4458:80)
    at processTicksAndRejections (node:internal/process/task_queues:105:5)
2024-11-15 11:18:57 [error]: Error: Failed to find Magic Mover: 
    at D:\MagicTransporters\src\services\MagicMoverServices.ts:15:11
    at Generator.throw (<anonymous>)
    at rejected (D:\MagicTransporters\src\services\MagicMoverServices.ts:6:65)
    at processTicksAndRejections (node:internal/process/task_queues:105:5)
2024-11-15 14:22:13 [info]: Magic Item created successfully: abdullah with weight= 200
2024-11-15 14:22:38 [error]: Unhandled error
2024-11-15 14:27:52 [info]: Magic Mover loading successfully his name : hamza and currentWeight= 35
2024-11-15 14:29:45 [info]: Magic Mover numbers =  3 
2024-11-15 14:30:17 [info]: Magic Mover numbers =  3 
2024-11-15 14:33:29 [info]: Magic Mover loading successfully his name : hamza and currentWeight= 65
2024-11-15 14:34:38 [error]: Mover not found
2024-11-15 14:34:38 [error]: Error: Mover not found
    at D:\MagicTransporters\src\services\MagicMoverServices.ts:10:13
    at Generator.next (<anonymous>)
    at fulfilled (D:\MagicTransporters\src\services\MagicMoverServices.ts:5:58)
    at processTicksAndRejections (node:internal/process/task_queues:105:5)
2024-11-15 14:34:38 [error]: Error: Failed to find Magic Mover: 
    at D:\MagicTransporters\src\services\MagicMoverServices.ts:15:11
    at Generator.next (<anonymous>)
    at fulfilled (D:\MagicTransporters\src\services\MagicMoverServices.ts:5:58)
    at processTicksAndRejections (node:internal/process/task_queues:105:5)
2024-11-15 14:35:41 [info]: Magic Mover start mission successfully his name: hamza and missionsCompleted = 1
2024-11-15 14:36:15 [error]: Mover not found
2024-11-15 14:36:15 [error]: Error: Mover not found
    at D:\MagicTransporters\src\services\MagicMoverServices.ts:10:13
    at Generator.next (<anonymous>)
    at fulfilled (D:\MagicTransporters\src\services\MagicMoverServices.ts:5:58)
    at processTicksAndRejections (node:internal/process/task_queues:105:5)
2024-11-15 14:36:15 [error]: Error: Failed to find Magic Mover: 
    at D:\MagicTransporters\src\services\MagicMoverServices.ts:15:11
    at Generator.next (<anonymous>)
    at fulfilled (D:\MagicTransporters\src\services\MagicMoverServices.ts:5:58)
    at processTicksAndRejections (node:internal/process/task_queues:105:5)
2024-11-15 14:39:50 [info]: Magic Mover end mission successfully his name: hamza and missionsCompleted = 2
2024-11-15 15:48:01 [info]: Magic Mover numbers =  3 
2024-11-15 15:48:02 [info]: Magic Mover numbers =  3 
2024-11-15 15:50:35 [info]: Magic Mover numbers =  3 
2024-11-15 16:05:21 [info]: Magic Mover numbers =  3 
2024-11-15 16:09:09 [info]: Magic Mover numbers =  3 
2024-11-15 16:10:28 [info]: Magic Mover numbers =  3 
2024-11-16 09:23:07 [info]: Magic Item created successfully: cd with weight= 20
2024-11-16 09:23:59 [info]: Magic Mover created successfully: fayez with weightLimit= 60
2024-11-16 09:24:30 [info]: Magic Mover loading successfully his name : fayez and currentWeight= 20
2024-11-16 09:24:44 [info]: Magic Mover loading successfully his name : fayez and currentWeight= 40
2024-11-16 09:24:48 [info]: Magic Mover loading successfully his name : fayez and currentWeight= 60
2024-11-16 09:25:10 [info]: Magic Mover start mission successfully his name: fayez and missionsCompleted = 0
2024-11-16 09:25:37 [info]: Magic Mover end mission successfully his name: fayez and missionsCompleted = 1
2024-11-16 09:25:58 [info]: Magic Mover numbers =  4 
2024-11-16 09:34:06 [info]: Magic Item created successfully: test with weight= 25
2024-11-16 09:34:44 [info]: Magic Mover created successfully: test with weightLimit= 200
2024-11-16 09:35:49 [info]: Magic Mover loading successfully his name : test and currentWeight= 25
2024-11-16 09:36:34 [info]: Magic Mover start mission successfully his name: test and missionsCompleted = 0
2024-11-16 09:36:59 [info]: Magic Mover end mission successfully his name: test and missionsCompleted = 1
2024-11-16 09:37:17 [info]: Magic Mover numbers =  5 
