2024-11-15 11:18:57 [error]: CastError: Cast to ObjectId failed for value "67363175be2acbf4fbc04adfbdba1" (type string) at path "_id" for model "MagicMover"
    at SchemaObjectId.cast (D:\MagicTransporters\node_modules\mongoose\lib\schema\objectId.js:250:11)
    at SchemaObjectId.SchemaType.applySetters (D:\MagicTransporters\node_modules\mongoose\lib\schemaType.js:1236:12)
    at SchemaObjectId.SchemaType.castForQuery (D:\MagicTransporters\node_modules\mongoose\lib\schemaType.js:1653:17)
    at cast (D:\MagicTransporters\node_modules\mongoose\lib\cast.js:390:32)
    at model.Query.Query.cast (D:\MagicTransporters\node_modules\mongoose\lib\query.js:4918:12)
    at model.Query.Query._castConditions (D:\MagicTransporters\node_modules\mongoose\lib\query.js:2309:10)
    at model.Query._findOne (D:\MagicTransporters\node_modules\mongoose\lib\query.js:2632:8)
    at model.Query.exec (D:\MagicTransporters\node_modules\mongoose\lib\query.js:4458:80)
    at processTicksAndRejections (node:internal/process/task_queues:105:5)
2024-11-15 11:18:57 [error]: Error: Failed to find Magic Mover: 
    at D:\MagicTransporters\src\services\MagicMoverServices.ts:15:11
    at Generator.throw (<anonymous>)
    at rejected (D:\MagicTransporters\src\services\MagicMoverServices.ts:6:65)
    at processTicksAndRejections (node:internal/process/task_queues:105:5)
2024-11-15 14:22:38 [error]: Unhandled error
2024-11-15 14:34:38 [error]: Mover not found
2024-11-15 14:34:38 [error]: Error: Mover not found
    at D:\MagicTransporters\src\services\MagicMoverServices.ts:10:13
    at Generator.next (<anonymous>)
    at fulfilled (D:\MagicTransporters\src\services\MagicMoverServices.ts:5:58)
    at processTicksAndRejections (node:internal/process/task_queues:105:5)
2024-11-15 14:34:38 [error]: Error: Failed to find Magic Mover: 
    at D:\MagicTransporters\src\services\MagicMoverServices.ts:15:11
    at Generator.next (<anonymous>)
    at fulfilled (D:\MagicTransporters\src\services\MagicMoverServices.ts:5:58)
    at processTicksAndRejections (node:internal/process/task_queues:105:5)
2024-11-15 14:36:15 [error]: Mover not found
2024-11-15 14:36:15 [error]: Error: Mover not found
    at D:\MagicTransporters\src\services\MagicMoverServices.ts:10:13
    at Generator.next (<anonymous>)
    at fulfilled (D:\MagicTransporters\src\services\MagicMoverServices.ts:5:58)
    at processTicksAndRejections (node:internal/process/task_queues:105:5)
2024-11-15 14:36:15 [error]: Error: Failed to find Magic Mover: 
    at D:\MagicTransporters\src\services\MagicMoverServices.ts:15:11
    at Generator.next (<anonymous>)
    at fulfilled (D:\MagicTransporters\src\services\MagicMoverServices.ts:5:58)
    at processTicksAndRejections (node:internal/process/task_queues:105:5)
